<?xml version="1.0" encoding="UTF-8"?>
<!-- Generated by org.testng.reporters.JUnitReportReporter -->
<testsuite skipped="0" hostname="toshiba-PC" name="srvanthi_testng.Testarray" tests="1" failures="0" timestamp="2021-01-11T02:31:45 IST" time="23.000" errors="0">
  <testcase name="TC1" time="23.000" classname="srvanthi_testng.Testarray"/>
</testsuite> <!-- srvanthi_testng.Testarray -->
