<?xml version="1.0" encoding="UTF-8"?>
<!-- Generated by org.testng.reporters.JUnitReportReporter -->
<testsuite skipped="0" hostname="toshiba-PC" name="srvanthi_testng.Testarray" tests="1" failures="0" timestamp="2020-12-15T21:45:52 IST" time="22.815" errors="0">
  <testcase name="TC1" time="22.815" classname="srvanthi_testng.Testarray"/>
</testsuite> <!-- srvanthi_testng.Testarray -->
