<?xml version="1.0" encoding="UTF-8"?>
<!-- Generated by org.testng.reporters.JUnitReportReporter -->
<testsuite skipped="0" hostname="toshiba-PC" name="srvanthi_testng.BrowserCommands" tests="1" failures="0" timestamp="2020-12-17T20:21:10 IST" time="25.162" errors="0">
  <testcase name="TC1" time="25.162" classname="srvanthi_testng.BrowserCommands"/>
</testsuite> <!-- srvanthi_testng.BrowserCommands -->
