<?xml version="1.0" encoding="UTF-8"?>
<!-- Generated by org.testng.reporters.JUnitReportReporter -->
<testsuite skipped="0" hostname="toshiba-PC" name="pageObjectModel.Handlecalender" tests="1" failures="0" timestamp="2021-01-29T21:22:35 IST" time="8.690" errors="0">
  <testcase name="handlecalender" time="8.690" classname="pageObjectModel.Handlecalender"/>
</testsuite> <!-- pageObjectModel.Handlecalender -->
