<?xml version="1.0" encoding="UTF-8"?>
<!-- Generated by org.testng.reporters.JUnitReportReporter -->
<testsuite skipped="0" hostname="toshiba-PC" name="srvanthi_testng.WebDriverCommands" tests="1" failures="0" timestamp="2021-01-21T21:29:40 IST" time="43.480" errors="0">
  <testcase name="TC1" time="43.480" classname="srvanthi_testng.WebDriverCommands"/>
</testsuite> <!-- srvanthi_testng.WebDriverCommands -->
