<?xml version="1.0" encoding="UTF-8"?>
<!-- Generated by org.testng.reporters.JUnitReportReporter -->
<testsuite hostname="toshiba-PC" name="ProjectGID.ProjectAID.LoginTest" tests="1" failures="0" timestamp="8 Apr 2020 17:23:22 GMT" time="42.447" errors="0">
  <testcase name="f" time="42.447" classname="ProjectGID.ProjectAID.LoginTest"/>
</testsuite> <!-- ProjectGID.ProjectAID.LoginTest -->
