<?xml version="1.0" encoding="UTF-8"?>
<!-- Generated by org.testng.reporters.JUnitReportReporter -->
<testsuite skipped="0" hostname="toshiba-PC" name="com.packg.resrasured.TestRestAPI" tests="1" failures="0" timestamp="2021-02-02T22:10:13 IST" time="3.095" errors="0">
  <testcase name="TestApi" time="3.095" classname="com.packg.resrasured.TestRestAPI"/>
</testsuite> <!-- com.packg.resrasured.TestRestAPI -->
